Info: Pocophone F1 Está conectado. 
ERROR: Pocophone F1 Já está conectado. 
ERROR: Pocophone F1 Já está conectado. 
Info: Pocophone F1 foi desligado com sucesso. 
Info: Pocophone F1 Está conectado. 
ERROR: Pocophone F1 Já está conectado. 
ERROR: Pocophone F1 Já está conectado. 
Info: Pocophone F1 foi desligado com sucesso. 
Info: Pocophone F1 não está ligado
Info: Pocophone F1 Está conectado. 
ERROR: Pocophone F1 Já está conectado. 
ERROR: Pocophone F1 Já está conectado. 
Info: Pocophone F1 não está ligado
Info: Pocophone F1 foi desligado com sucesso. 
ERROR: Pocophone F1 não está ligado
Info: Pocophone F1 Está conectado. 
ERROR: Pocophone F1 Já está conectado. 
ERROR: Pocophone F1 Já está conectado. 
ERROR: Pocophone F1 não está ligado
Info: Pocophone F1 foi desligado com sucesso. 
ERROR: Pocophone F1 Erro, não tá conectado. 
ERROR: Pocophone F1 não está ligado
Info: Pocophone F1 Está conectado. 
ERROR: Pocophone F1 Já está conectado. 
ERROR: Pocophone F1 Já está conectado. 
ERROR: Pocophone F1 não está ligado
Info: Pocophone F1 foi desligado com sucesso. 
ERROR: Pocophone F1 Erro, não tá conectado. 
ERROR: Pocophone F1 não está ligado
Info: Pocophone F1 Está conectado. 
ERROR: Pocophone F1 Já está conectado. 
ERROR: Pocophone F1 Já está conectado. 
ERROR: Pocophone F1 não está ligado
Info: Pocophone F1 foi desligado com sucesso. 
ERROR: Pocophone F1 Erro, não tá conectado. 
